<?xml version="1.0" encoding="UTF-8"?>
<testsuite name="WizardTD.SampleTest" tests="1" skipped="0" failures="0" errors="0" timestamp="2023-10-26T16:14:07" hostname="192-168-1-136.tpgi.com.au" time="0.0">
  <properties/>
  <testcase name="simpleTest()" classname="WizardTD.SampleTest" time="0.0"/>
  <system-out><![CDATA[]]></system-out>
  <system-err><![CDATA[]]></system-err>
</testsuite>
