<?xml version="1.0" encoding="UTF-8"?>
<testsuite name="WizardTD.SlowTowerTest" tests="4" skipped="0" failures="0" errors="0" timestamp="2023-10-26T16:14:07" hostname="192-168-1-136.tpgi.com.au" time="0.006">
  <properties/>
  <testcase name="testFireballFire()" classname="WizardTD.SlowTowerTest" time="0.001"/>
  <testcase name="testConstructor()" classname="WizardTD.SlowTowerTest" time="0.001"/>
  <testcase name="testFireballFire2()" classname="WizardTD.SlowTowerTest" time="0.003"/>
  <testcase name="testFireballFire3()" classname="WizardTD.SlowTowerTest" time="0.001"/>
  <system-out><![CDATA[]]></system-out>
  <system-err><![CDATA[]]></system-err>
</testsuite>
