<?xml version="1.0" encoding="UTF-8"?>
<testsuite name="WizardTD.TowerTest" tests="10" skipped="0" failures="0" errors="0" timestamp="2023-10-26T16:14:07" hostname="192-168-1-136.tpgi.com.au" time="0.006">
  <properties/>
  <testcase name="upgradeRange()" classname="WizardTD.TowerTest" time="0.0"/>
  <testcase name="upgradeSpeed()" classname="WizardTD.TowerTest" time="0.0"/>
  <testcase name="upgradeDamage()" classname="WizardTD.TowerTest" time="0.0"/>
  <testcase name="testFireballFire()" classname="WizardTD.TowerTest" time="0.0"/>
  <testcase name="testLevel1()" classname="WizardTD.TowerTest" time="0.0"/>
  <testcase name="testLevel2()" classname="WizardTD.TowerTest" time="0.001"/>
  <testcase name="testConstructor()" classname="WizardTD.TowerTest" time="0.0"/>
  <testcase name="testFireballFire2()" classname="WizardTD.TowerTest" time="0.0"/>
  <testcase name="testFireballFire3()" classname="WizardTD.TowerTest" time="0.0"/>
  <testcase name="testFireballFire4()" classname="WizardTD.TowerTest" time="0.001"/>
  <system-out><![CDATA[]]></system-out>
  <system-err><![CDATA[]]></system-err>
</testsuite>
