<?xml version="1.0" encoding="UTF-8"?>
<testsuite name="WizardTD.WaveTest" tests="5" skipped="0" failures="0" errors="0" timestamp="2023-10-26T16:14:07" hostname="192-168-1-136.tpgi.com.au" time="0.005">
  <properties/>
  <testcase name="spawnMonsterEmpty()" classname="WizardTD.WaveTest" time="0.001"/>
  <testcase name="timeDurations()" classname="WizardTD.WaveTest" time="0.001"/>
  <testcase name="TestConstructor()" classname="WizardTD.WaveTest" time="0.0"/>
  <testcase name="sizeMonsters()" classname="WizardTD.WaveTest" time="0.0"/>
  <testcase name="spawnMonster()" classname="WizardTD.WaveTest" time="0.0"/>
  <system-out><![CDATA[]]></system-out>
  <system-err><![CDATA[]]></system-err>
</testsuite>
